<?xml version="1.0" encoding="UTF-8"?>
<testsuite xmlns:xsi="http://www.w3.org/2001/XMLSchema-instance" xsi:noNamespaceSchemaLocation="https://maven.apache.org/surefire/maven-surefire-plugin/xsd/surefire-test-report.xsd" version="3.0.2" name="com.example.demo.WebhookSqlJwtApplicationTests" time="2.743" tests="1" errors="0" skipped="0" failures="0">
  <properties>
[...]
</properties>
  <testcase name="contextLoads" classname="com.example.demo.WebhookSqlJwtApplicationTests" time="0.937">
    <system-out><![CDATA[16:41:25.016 [main] INFO org.springframework.test.context.support.AnnotationConfigContextLoaderUtils -- Could not detect default configuration classes for test class [com.example.demo.WebhookSqlJwtApplicationTests]: WebhookSqlJwtApplicationTests does not declare any static, non-private, non-final, nested classes annotated with @Configuration.
16:41:25.197 [main] INFO org.springframework.boot.test.context.SpringBootTestContextBootstrapper -- Found @SpringBootConfiguration com.example.demo.WebhookSqlJwtApplication for test class com.example.demo.WebhookSqlJwtApplicationTests

  .   ____          _            __ _ _
 /\\ / ___'_ __ _ _(_)_ __  __ _ \ \ \ \
( ( )\___ | '_ | '_| | '_ \/ _` | \ \ \ \
 \\/  ___)| |_)| | | | | || (_| |  ) ) ) )
  '  |____| .__|_| |_|_| |_\__, | / / / /
 =========|_|==============|___/=/_/_/_/

 :: Spring Boot ::                (v3.5.7)

2025-11-11T16:41:25.951+05:30  INFO 4292 --- [webhook-sql-jwt] [           main] c.e.demo.WebhookSqlJwtApplicationTests   : Starting WebhookSqlJwtApplicationTests using Java 24.0.1 with PID 4292 (started by HP in C:\Users\HP\Downloads\Bajaj\demo)
2025-11-11T16:41:25.953+05:30  INFO 4292 --- [webhook-sql-jwt] [           main] c.e.demo.WebhookSqlJwtApplicationTests   : No active profile set, falling back to 1 default profile: "default"
2025-11-11T16:41:26.560+05:30  INFO 4292 --- [webhook-sql-jwt] [           main] c.e.demo.WebhookSqlJwtApplicationTests   : Started WebhookSqlJwtApplicationTests in 1.087 seconds (process running for 2.527)
]]></system-out>
    <system-err><![CDATA[Mockito is currently self-attaching to enable the inline-mock-maker. This will no longer work in future releases of the JDK. Please add Mockito as an agent to your build as described in Mockito's documentation: https://javadoc.io/doc/org.mockito/mockito-core/latest/org.mockito/org/mockito/Mockito.html#0.3
WARNING: A Java agent has been loaded dynamically (C:\Users\HP\.m2\repository\net\bytebuddy\byte-buddy-agent\1.17.8\byte-buddy-agent-1.17.8.jar)
WARNING: If a serviceability tool is in use, please run with -XX:+EnableDynamicAgentLoading to hide this warning
WARNING: If a serviceability tool is not in use, please run with -Djdk.instrument.traceUsage for more information
WARNING: Dynamic loading of agents will be disallowed by default in a future release
]]></system-err>
  </testcase>
</testsuite>